{"/home/leminhphuong/Documents/theOldinProject/projectBattleship/src/assets/Computer.js": {"path":"/home/leminhphuong/Documents/theOldinProject/projectBattleship/src/assets/Computer.js","statementMap":{"0":{"start":{"line":4,"column":4},"end":{"line":4,"column":22}}},"fnMap":{"0":{"name":"(anonymous_0)","decl":{"start":{"line":3,"column":2},"end":{"line":3,"column":3}},"loc":{"start":{"line":3,"column":16},"end":{"line":5,"column":3}},"line":3}},"branchMap":{},"s":{"0":0},"f":{"0":0},"b":{},"_coverageSchema":"1a1c01bbd47fc00a2c39e90264f33305004495a9","hash":"ccb1a736f436e8b3d62aa92bc5427397d6aaac5b"}
,"/home/leminhphuong/Documents/theOldinProject/projectBattleship/src/assets/Gameboard.js": {"path":"/home/leminhphuong/Documents/theOldinProject/projectBattleship/src/assets/Gameboard.js","statementMap":{"0":{"start":{"line":10,"column":4},"end":{"line":10,"column":20}},"1":{"start":{"line":11,"column":4},"end":{"line":11,"column":21}},"2":{"start":{"line":12,"column":4},"end":{"line":12,"column":27}},"3":{"start":{"line":13,"column":4},"end":{"line":13,"column":19}},"4":{"start":{"line":14,"column":4},"end":{"line":14,"column":21}},"5":{"start":{"line":15,"column":4},"end":{"line":15,"column":23}},"6":{"start":{"line":18,"column":4},"end":{"line":20,"column":5}},"7":{"start":{"line":19,"column":6},"end":{"line":19,"column":19}},"8":{"start":{"line":21,"column":4},"end":{"line":23,"column":5}},"9":{"start":{"line":22,"column":6},"end":{"line":22,"column":42}},"10":{"start":{"line":24,"column":4},"end":{"line":26,"column":5}},"11":{"start":{"line":25,"column":6},"end":{"line":25,"column":42}},"12":{"start":{"line":28,"column":17},"end":{"line":28,"column":61}},"13":{"start":{"line":29,"column":25},"end":{"line":29,"column":41}},"14":{"start":{"line":30,"column":21},"end":{"line":36,"column":5}},"15":{"start":{"line":37,"column":4},"end":{"line":37,"column":35}},"16":{"start":{"line":38,"column":4},"end":{"line":38,"column":16}},"17":{"start":{"line":41,"column":4},"end":{"line":45,"column":5}},"18":{"start":{"line":42,"column":6},"end":{"line":42,"column":37}},"19":{"start":{"line":44,"column":6},"end":{"line":44,"column":37}},"20":{"start":{"line":48,"column":4},"end":{"line":52,"column":5}},"21":{"start":{"line":49,"column":6},"end":{"line":49,"column":19}},"22":{"start":{"line":51,"column":6},"end":{"line":51,"column":18}},"23":{"start":{"line":55,"column":17},"end":{"line":55,"column":21}},"24":{"start":{"line":56,"column":4},"end":{"line":60,"column":7}},"25":{"start":{"line":57,"column":6},"end":{"line":59,"column":7}},"26":{"start":{"line":58,"column":8},"end":{"line":58,"column":23}},"27":{"start":{"line":61,"column":4},"end":{"line":61,"column":18}},"28":{"start":{"line":64,"column":17},"end":{"line":64,"column":22}},"29":{"start":{"line":65,"column":4},"end":{"line":65,"column":18}},"30":{"start":{"line":68,"column":17},"end":{"line":68,"column":22}},"31":{"start":{"line":69,"column":4},"end":{"line":71,"column":5}},"32":{"start":{"line":70,"column":6},"end":{"line":70,"column":20}},"33":{"start":{"line":72,"column":4},"end":{"line":82,"column":7}},"34":{"start":{"line":73,"column":6},"end":{"line":81,"column":7}},"35":{"start":{"line":79,"column":8},"end":{"line":79,"column":30}},"36":{"start":{"line":80,"column":8},"end":{"line":80,"column":22}},"37":{"start":{"line":83,"column":4},"end":{"line":83,"column":63}},"38":{"start":{"line":84,"column":4},"end":{"line":84,"column":18}},"39":{"start":{"line":87,"column":17},"end":{"line":87,"column":22}},"40":{"start":{"line":88,"column":4},"end":{"line":88,"column":40}},"41":{"start":{"line":90,"column":4},"end":{"line":94,"column":7}},"42":{"start":{"line":91,"column":6},"end":{"line":93,"column":7}},"43":{"start":{"line":92,"column":8},"end":{"line":92,"column":22}},"44":{"start":{"line":95,"column":4},"end":{"line":99,"column":7}},"45":{"start":{"line":96,"column":6},"end":{"line":98,"column":7}},"46":{"start":{"line":97,"column":8},"end":{"line":97,"column":22}},"47":{"start":{"line":100,"column":4},"end":{"line":100,"column":18}},"48":{"start":{"line":103,"column":17},"end":{"line":103,"column":21}},"49":{"start":{"line":104,"column":4},"end":{"line":109,"column":7}},"50":{"start":{"line":105,"column":6},"end":{"line":108,"column":7}},"51":{"start":{"line":106,"column":8},"end":{"line":106,"column":23}},"52":{"start":{"line":107,"column":8},"end":{"line":107,"column":15}},"53":{"start":{"line":110,"column":4},"end":{"line":110,"column":18}}},"fnMap":{"0":{"name":"(anonymous_0)","decl":{"start":{"line":9,"column":2},"end":{"line":9,"column":3}},"loc":{"start":{"line":9,"column":16},"end":{"line":16,"column":3}},"line":9},"1":{"name":"(anonymous_1)","decl":{"start":{"line":17,"column":2},"end":{"line":17,"column":3}},"loc":{"start":{"line":17,"column":41},"end":{"line":39,"column":3}},"line":17},"2":{"name":"(anonymous_2)","decl":{"start":{"line":56,"column":18},"end":{"line":56,"column":19}},"loc":{"start":{"line":56,"column":31},"end":{"line":60,"column":5}},"line":56},"3":{"name":"(anonymous_3)","decl":{"start":{"line":67,"column":2},"end":{"line":67,"column":3}},"loc":{"start":{"line":67,"column":16},"end":{"line":85,"column":3}},"line":67},"4":{"name":"(anonymous_4)","decl":{"start":{"line":72,"column":26},"end":{"line":72,"column":27}},"loc":{"start":{"line":72,"column":42},"end":{"line":82,"column":5}},"line":72},"5":{"name":"(anonymous_5)","decl":{"start":{"line":90,"column":22},"end":{"line":90,"column":23}},"loc":{"start":{"line":90,"column":35},"end":{"line":94,"column":5}},"line":90},"6":{"name":"(anonymous_6)","decl":{"start":{"line":95,"column":24},"end":{"line":95,"column":25}},"loc":{"start":{"line":95,"column":37},"end":{"line":99,"column":5}},"line":95},"7":{"name":"(anonymous_7)","decl":{"start":{"line":102,"column":2},"end":{"line":102,"column":3}},"loc":{"start":{"line":102,"column":17},"end":{"line":111,"column":3}},"line":102},"8":{"name":"(anonymous_8)","decl":{"start":{"line":104,"column":26},"end":{"line":104,"column":27}},"loc":{"start":{"line":104,"column":36},"end":{"line":109,"column":5}},"line":104}},"branchMap":{"0":{"loc":{"start":{"line":18,"column":4},"end":{"line":20,"column":5}},"type":"if","locations":[{"start":{"line":18,"column":4},"end":{"line":20,"column":5}},{"start":{},"end":{}}],"line":18},"1":{"loc":{"start":{"line":21,"column":4},"end":{"line":23,"column":5}},"type":"if","locations":[{"start":{"line":21,"column":4},"end":{"line":23,"column":5}},{"start":{},"end":{}}],"line":21},"2":{"loc":{"start":{"line":24,"column":4},"end":{"line":26,"column":5}},"type":"if","locations":[{"start":{"line":24,"column":4},"end":{"line":26,"column":5}},{"start":{},"end":{}}],"line":24},"3":{"loc":{"start":{"line":41,"column":4},"end":{"line":45,"column":5}},"type":"if","locations":[{"start":{"line":41,"column":4},"end":{"line":45,"column":5}},{"start":{"line":43,"column":11},"end":{"line":45,"column":5}}],"line":41},"4":{"loc":{"start":{"line":48,"column":4},"end":{"line":52,"column":5}},"type":"if","locations":[{"start":{"line":48,"column":4},"end":{"line":52,"column":5}},{"start":{"line":50,"column":11},"end":{"line":52,"column":5}}],"line":48},"5":{"loc":{"start":{"line":48,"column":8},"end":{"line":48,"column":65}},"type":"binary-expr","locations":[{"start":{"line":48,"column":8},"end":{"line":48,"column":33}},{"start":{"line":48,"column":37},"end":{"line":48,"column":65}}],"line":48},"6":{"loc":{"start":{"line":57,"column":6},"end":{"line":59,"column":7}},"type":"if","locations":[{"start":{"line":57,"column":6},"end":{"line":59,"column":7}},{"start":{},"end":{}}],"line":57},"7":{"loc":{"start":{"line":57,"column":10},"end":{"line":57,"column":36}},"type":"binary-expr","locations":[{"start":{"line":57,"column":10},"end":{"line":57,"column":21}},{"start":{"line":57,"column":25},"end":{"line":57,"column":36}}],"line":57},"8":{"loc":{"start":{"line":69,"column":4},"end":{"line":71,"column":5}},"type":"if","locations":[{"start":{"line":69,"column":4},"end":{"line":71,"column":5}},{"start":{},"end":{}}],"line":69},"9":{"loc":{"start":{"line":73,"column":6},"end":{"line":81,"column":7}},"type":"if","locations":[{"start":{"line":73,"column":6},"end":{"line":81,"column":7}},{"start":{},"end":{}}],"line":73},"10":{"loc":{"start":{"line":74,"column":8},"end":{"line":77,"column":27}},"type":"binary-expr","locations":[{"start":{"line":74,"column":8},"end":{"line":74,"column":30}},{"start":{"line":75,"column":8},"end":{"line":75,"column":27}},{"start":{"line":76,"column":8},"end":{"line":76,"column":30}},{"start":{"line":77,"column":8},"end":{"line":77,"column":27}}],"line":74},"11":{"loc":{"start":{"line":83,"column":4},"end":{"line":83,"column":62}},"type":"cond-expr","locations":[{"start":{"line":83,"column":13},"end":{"line":83,"column":35}},{"start":{"line":83,"column":38},"end":{"line":83,"column":62}}],"line":83},"12":{"loc":{"start":{"line":91,"column":6},"end":{"line":93,"column":7}},"type":"if","locations":[{"start":{"line":91,"column":6},"end":{"line":93,"column":7}},{"start":{},"end":{}}],"line":91},"13":{"loc":{"start":{"line":91,"column":10},"end":{"line":91,"column":44}},"type":"binary-expr","locations":[{"start":{"line":91,"column":10},"end":{"line":91,"column":25}},{"start":{"line":91,"column":29},"end":{"line":91,"column":44}}],"line":91},"14":{"loc":{"start":{"line":96,"column":6},"end":{"line":98,"column":7}},"type":"if","locations":[{"start":{"line":96,"column":6},"end":{"line":98,"column":7}},{"start":{},"end":{}}],"line":96},"15":{"loc":{"start":{"line":96,"column":10},"end":{"line":96,"column":44}},"type":"binary-expr","locations":[{"start":{"line":96,"column":10},"end":{"line":96,"column":25}},{"start":{"line":96,"column":29},"end":{"line":96,"column":44}}],"line":96},"16":{"loc":{"start":{"line":105,"column":6},"end":{"line":108,"column":7}},"type":"if","locations":[{"start":{"line":105,"column":6},"end":{"line":108,"column":7}},{"start":{},"end":{}}],"line":105}},"s":{"0":6,"1":6,"2":6,"3":6,"4":6,"5":6,"6":6,"7":0,"8":6,"9":0,"10":6,"11":0,"12":6,"13":6,"14":6,"15":6,"16":6,"17":6,"18":3,"19":3,"20":6,"21":6,"22":0,"23":6,"24":6,"25":24,"26":0,"27":6,"28":6,"29":6,"30":6,"31":6,"32":0,"33":6,"34":6,"35":4,"36":4,"37":6,"38":6,"39":6,"40":6,"41":6,"42":3,"43":0,"44":6,"45":0,"46":0,"47":6,"48":2,"49":2,"50":2,"51":1,"52":1,"53":2},"f":{"0":6,"1":6,"2":24,"3":6,"4":6,"5":3,"6":0,"7":2,"8":2},"b":{"0":[0,6],"1":[0,6],"2":[0,6],"3":[3,3],"4":[6,0],"5":[6,6],"6":[0,24],"7":[24,0],"8":[0,6],"9":[4,2],"10":[6,6,5,5],"11":[4,2],"12":[0,3],"13":[3,0],"14":[0,0],"15":[0,0],"16":[1,1]},"_coverageSchema":"1a1c01bbd47fc00a2c39e90264f33305004495a9","hash":"38311a4fcde488df8e86f169732feca346fa504c"}
,"/home/leminhphuong/Documents/theOldinProject/projectBattleship/src/assets/Player.js": {"path":"/home/leminhphuong/Documents/theOldinProject/projectBattleship/src/assets/Player.js","statementMap":{"0":{"start":{"line":5,"column":4},"end":{"line":5,"column":21}}},"fnMap":{"0":{"name":"(anonymous_0)","decl":{"start":{"line":4,"column":2},"end":{"line":4,"column":3}},"loc":{"start":{"line":4,"column":20},"end":{"line":6,"column":3}},"line":4}},"branchMap":{},"s":{"0":0},"f":{"0":0},"b":{},"_coverageSchema":"1a1c01bbd47fc00a2c39e90264f33305004495a9","hash":"03da0a78ebaca27b8f2a262b39c6ec46bd0a18e8"}
,"/home/leminhphuong/Documents/theOldinProject/projectBattleship/src/assets/Ship.js": {"path":"/home/leminhphuong/Documents/theOldinProject/projectBattleship/src/assets/Ship.js","statementMap":{"0":{"start":{"line":6,"column":4},"end":{"line":6,"column":25}},"1":{"start":{"line":7,"column":4},"end":{"line":7,"column":18}},"2":{"start":{"line":8,"column":4},"end":{"line":8,"column":22}},"3":{"start":{"line":11,"column":4},"end":{"line":11,"column":16}},"4":{"start":{"line":12,"column":4},"end":{"line":14,"column":5}},"5":{"start":{"line":13,"column":6},"end":{"line":13,"column":23}},"6":{"start":{"line":17,"column":4},"end":{"line":17,"column":21}}},"fnMap":{"0":{"name":"(anonymous_0)","decl":{"start":{"line":5,"column":2},"end":{"line":5,"column":3}},"loc":{"start":{"line":5,"column":22},"end":{"line":9,"column":3}},"line":5},"1":{"name":"(anonymous_1)","decl":{"start":{"line":10,"column":2},"end":{"line":10,"column":3}},"loc":{"start":{"line":10,"column":8},"end":{"line":15,"column":3}},"line":10},"2":{"name":"(anonymous_2)","decl":{"start":{"line":16,"column":2},"end":{"line":16,"column":3}},"loc":{"start":{"line":16,"column":11},"end":{"line":18,"column":3}},"line":16}},"branchMap":{"0":{"loc":{"start":{"line":12,"column":4},"end":{"line":14,"column":5}},"type":"if","locations":[{"start":{"line":12,"column":4},"end":{"line":14,"column":5}},{"start":{},"end":{}}],"line":12}},"s":{"0":9,"1":9,"2":9,"3":7,"4":7,"5":3,"6":1},"f":{"0":9,"1":7,"2":1},"b":{"0":[3,4]},"_coverageSchema":"1a1c01bbd47fc00a2c39e90264f33305004495a9","hash":"0b800b6be798228631cdd7faf0e1581465ba0a93"}
}
