{"/home/leminhphuong/Documents/theOldinProject/projectBattleship/src/assets/Ship.js": {"path":"/home/leminhphuong/Documents/theOldinProject/projectBattleship/src/assets/Ship.js","statementMap":{"0":{"start":{"line":6,"column":4},"end":{"line":6,"column":25}},"1":{"start":{"line":7,"column":4},"end":{"line":7,"column":17}},"2":{"start":{"line":8,"column":4},"end":{"line":8,"column":22}},"3":{"start":{"line":11,"column":4},"end":{"line":11,"column":15}},"4":{"start":{"line":14,"column":4},"end":{"line":14,"column":35}}},"fnMap":{"0":{"name":"(anonymous_0)","decl":{"start":{"line":5,"column":2},"end":{"line":5,"column":3}},"loc":{"start":{"line":5,"column":22},"end":{"line":9,"column":3}},"line":5},"1":{"name":"(anonymous_1)","decl":{"start":{"line":10,"column":2},"end":{"line":10,"column":3}},"loc":{"start":{"line":10,"column":8},"end":{"line":12,"column":3}},"line":10},"2":{"name":"(anonymous_2)","decl":{"start":{"line":13,"column":2},"end":{"line":13,"column":3}},"loc":{"start":{"line":13,"column":11},"end":{"line":15,"column":3}},"line":13}},"branchMap":{},"s":{"0":3,"1":3,"2":3,"3":0,"4":1},"f":{"0":3,"1":0,"2":1},"b":{},"_coverageSchema":"1a1c01bbd47fc00a2c39e90264f33305004495a9","hash":"cf484727dc8ae8c9ec2692273340c57ac21aead3"}
}
