TN:
SF:src/assets/Computer.js
FN:3,(anonymous_0)
FNF:1
FNH:0
FNDA:0,(anonymous_0)
DA:4,0
LF:1
LH:0
BRF:0
BRH:0
end_of_record
TN:
SF:src/assets/Gameboard.js
FN:9,(anonymous_0)
FN:17,(anonymous_1)
FN:56,(anonymous_2)
FN:67,(anonymous_3)
FN:72,(anonymous_4)
FN:90,(anonymous_5)
FN:95,(anonymous_6)
FN:102,(anonymous_7)
FN:104,(anonymous_8)
FNF:9
FNH:8
FNDA:6,(anonymous_0)
FNDA:6,(anonymous_1)
FNDA:24,(anonymous_2)
FNDA:6,(anonymous_3)
FNDA:6,(anonymous_4)
FNDA:3,(anonymous_5)
FNDA:0,(anonymous_6)
FNDA:2,(anonymous_7)
FNDA:2,(anonymous_8)
DA:10,6
DA:11,6
DA:12,6
DA:13,6
DA:14,6
DA:15,6
DA:18,6
DA:19,0
DA:21,6
DA:22,0
DA:24,6
DA:25,0
DA:28,6
DA:29,6
DA:30,6
DA:37,6
DA:38,6
DA:41,6
DA:42,3
DA:44,3
DA:48,6
DA:49,6
DA:51,0
DA:55,6
DA:56,6
DA:57,24
DA:58,0
DA:61,6
DA:64,6
DA:65,6
DA:68,6
DA:69,6
DA:70,0
DA:72,6
DA:73,6
DA:79,4
DA:80,4
DA:83,6
DA:84,6
DA:87,6
DA:88,6
DA:90,6
DA:91,3
DA:92,0
DA:95,6
DA:96,0
DA:97,0
DA:100,6
DA:103,2
DA:104,2
DA:105,2
DA:106,1
DA:107,1
DA:110,2
LF:54
LH:45
BRDA:18,0,0,0
BRDA:18,0,1,6
BRDA:21,1,0,0
BRDA:21,1,1,6
BRDA:24,2,0,0
BRDA:24,2,1,6
BRDA:41,3,0,3
BRDA:41,3,1,3
BRDA:48,4,0,6
BRDA:48,4,1,0
BRDA:48,5,0,6
BRDA:48,5,1,6
BRDA:57,6,0,0
BRDA:57,6,1,24
BRDA:57,7,0,24
BRDA:57,7,1,0
BRDA:69,8,0,0
BRDA:69,8,1,6
BRDA:73,9,0,4
BRDA:73,9,1,2
BRDA:74,10,0,6
BRDA:74,10,1,6
BRDA:74,10,2,5
BRDA:74,10,3,5
BRDA:83,11,0,4
BRDA:83,11,1,2
BRDA:91,12,0,0
BRDA:91,12,1,3
BRDA:91,13,0,3
BRDA:91,13,1,0
BRDA:96,14,0,0
BRDA:96,14,1,0
BRDA:96,15,0,0
BRDA:96,15,1,0
BRDA:105,16,0,1
BRDA:105,16,1,1
BRF:36
BRH:23
end_of_record
TN:
SF:src/assets/Player.js
FN:4,(anonymous_0)
FNF:1
FNH:0
FNDA:0,(anonymous_0)
DA:5,0
LF:1
LH:0
BRF:0
BRH:0
end_of_record
TN:
SF:src/assets/Ship.js
FN:5,(anonymous_0)
FN:10,(anonymous_1)
FN:16,(anonymous_2)
FNF:3
FNH:3
FNDA:9,(anonymous_0)
FNDA:7,(anonymous_1)
FNDA:1,(anonymous_2)
DA:6,9
DA:7,9
DA:8,9
DA:11,7
DA:12,7
DA:13,3
DA:17,1
LF:7
LH:7
BRDA:12,0,0,3
BRDA:12,0,1,4
BRF:2
BRH:2
end_of_record
